# JRE version: OpenJDK Runtime Environment (8.0_202-b03) (build 1.8.0_202-release-1483-b03)
# Java VM: OpenJDK 64-Bit Server VM (25.202-b03 mixed mode windows-amd64 compressed oops)
Heap:
 PSYoungGen      total 452608K, used 442120K [0x00000000e0000000, 0x00000000fd080000, 0x0000000100000000)
  eden space 435712K, 100% used [0x00000000e0000000,0x00000000fa980000,0x00000000fa980000)
  from space 16896K, 37% used [0x00000000fc000000,0x00000000fc642350,0x00000000fd080000)
  to   space 19968K, 32% used [0x00000000fa980000,0x00000000fafd0010,0x00000000fbd00000)
 ParOldGen       total 463360K, used 452898K [0x00000000a0000000, 0x00000000bc480000, 0x00000000e0000000)
  object space 463360K, 97% used [0x00000000a0000000,0x00000000bba48938,0x00000000bc480000)
 Metaspace       used 112797K, capacity 117902K, committed 120792K, reserved 1155072K
  class space    used 13989K, capacity 14935K, committed 15576K, reserved 1048576K
GC Heap History (10 events):
Event: 4246.973 GC heap after
Heap after GC invocations=65 (full 5):
 PSYoungGen      total 340992K, used 3658K [0x00000000e0000000, 0x00000000f6400000, 0x0000000100000000)
  eden space 316416K, 0% used [0x00000000e0000000,0x00000000e0000000,0x00000000f3500000)
  from space 24576K, 14% used [0x00000000f4c00000,0x00000000f4f928a8,0x00000000f6400000)
  to   space 23552K, 0% used [0x00000000f3500000,0x00000000f3500000,0x00000000f4c00000)
 ParOldGen       total 115200K, used 76765K [0x00000000a0000000, 0x00000000a7080000, 0x00000000e0000000)
  object space 115200K, 66% used [0x00000000a0000000,0x00000000a4af7648,0x00000000a7080000)
 Metaspace       used 112719K, capacity 117774K, committed 120792K, reserved 1155072K
  class space    used 13989K, capacity 14935K, committed 15576K, reserved 1048576K
}
Event: 4248.286 GC heap before
{Heap before GC invocations=66 (full 5):
 PSYoungGen      total 340992K, used 320074K [0x00000000e0000000, 0x00000000f6400000, 0x0000000100000000)
  eden space 316416K, 100% used [0x00000000e0000000,0x00000000f3500000,0x00000000f3500000)
  from space 24576K, 14% used [0x00000000f4c00000,0x00000000f4f928a8,0x00000000f6400000)
  to   space 23552K, 0% used [0x00000000f3500000,0x00000000f3500000,0x00000000f4c00000)
 ParOldGen       total 115200K, used 76765K [0x00000000a0000000, 0x00000000a7080000, 0x00000000e0000000)
  object space 115200K, 66% used [0x00000000a0000000,0x00000000a4af7648,0x00000000a7080000)
 Metaspace       used 112736K, capacity 117838K, committed 120792K, reserved 1155072K
  class space    used 13989K, capacity 14935K, committed 15576K, reserved 1048576K
Event: 4248.357 GC heap after
Heap after GC invocations=66 (full 5):
 PSYoungGen      total 339968K, used 9108K [0x00000000e0000000, 0x00000000f9980000, 0x0000000100000000)
  eden space 316416K, 0% used [0x00000000e0000000,0x00000000e0000000,0x00000000f3500000)
  from space 23552K, 38% used [0x00000000f3500000,0x00000000f3de53a0,0x00000000f4c00000)
  to   space 22528K, 0% used [0x00000000f8380000,0x00000000f8380000,0x00000000f9980000)
 ParOldGen       total 115200K, used 79978K [0x00000000a0000000, 0x00000000a7080000, 0x00000000e0000000)
  object space 115200K, 69% used [0x00000000a0000000,0x00000000a4e1aad0,0x00000000a7080000)
 Metaspace       used 112736K, capacity 117838K, committed 120792K, reserved 1155072K
  class space    used 13989K, capacity 14935K, committed 15576K, reserved 1048576K
}
Event: 4249.796 GC heap before
{Heap before GC invocations=67 (full 5):
 PSYoungGen      total 339968K, used 325524K [0x00000000e0000000, 0x00000000f9980000, 0x0000000100000000)
  eden space 316416K, 100% used [0x00000000e0000000,0x00000000f3500000,0x00000000f3500000)
  from space 23552K, 38% used [0x00000000f3500000,0x00000000f3de53a0,0x00000000f4c00000)
  to   space 22528K, 0% used [0x00000000f8380000,0x00000000f8380000,0x00000000f9980000)
 ParOldGen       total 115200K, used 79978K [0x00000000a0000000, 0x00000000a7080000, 0x00000000e0000000)
  object space 115200K, 69% used [0x00000000a0000000,0x00000000a4e1aad0,0x00000000a7080000)
 Metaspace       used 112748K, capacity 117838K, committed 120792K, reserved 1155072K
  class space    used 13989K, capacity 14935K, committed 15576K, reserved 1048576K
Event: 4249.815 GC heap after
Heap after GC invocations=67 (full 5):
 PSYoungGen      total 390656K, used 7767K [0x00000000e0000000, 0x00000000f9500000, 0x0000000100000000)
  eden space 372736K, 0% used [0x00000000e0000000,0x00000000e0000000,0x00000000f6c00000)
  from space 17920K, 43% used [0x00000000f8380000,0x00000000f8b15f48,0x00000000f9500000)
  to   space 20992K, 0% used [0x00000000f6c00000,0x00000000f6c00000,0x00000000f8080000)
 ParOldGen       total 115200K, used 85050K [0x00000000a0000000, 0x00000000a7080000, 0x00000000e0000000)
  object space 115200K, 73% used [0x00000000a0000000,0x00000000a530ebf8,0x00000000a7080000)
 Metaspace       used 112748K, capacity 117838K, committed 120792K, reserved 1155072K
  class space    used 13989K, capacity 14935K, committed 15576K, reserved 1048576K
}
Event: 4251.376 GC heap before
{Heap before GC invocations=68 (full 5):
 PSYoungGen      total 390656K, used 380503K [0x00000000e0000000, 0x00000000f9500000, 0x0000000100000000)
  eden space 372736K, 100% used [0x00000000e0000000,0x00000000f6c00000,0x00000000f6c00000)
  from space 17920K, 43% used [0x00000000f8380000,0x00000000f8b15f48,0x00000000f9500000)
  to   space 20992K, 0% used [0x00000000f6c00000,0x00000000f6c00000,0x00000000f8080000)
 ParOldGen       total 115200K, used 85050K [0x00000000a0000000, 0x00000000a7080000, 0x00000000e0000000)
  object space 115200K, 73% used [0x00000000a0000000,0x00000000a530ebf8,0x00000000a7080000)
 Metaspace       used 112761K, capacity 117838K, committed 120792K, reserved 1155072K
  class space    used 13989K, capacity 14935K, committed 15576K, reserved 1048576K
Event: 4251.434 GC heap after
Heap after GC invocations=68 (full 5):
 PSYoungGen      total 393728K, used 11119K [0x00000000e0000000, 0x00000000fd480000, 0x0000000100000000)
  eden space 372736K, 0% used [0x00000000e0000000,0x00000000e0000000,0x00000000f6c00000)
  from space 20992K, 52% used [0x00000000f6c00000,0x00000000f76dbc90,0x00000000f8080000)
  to   space 20992K, 0% used [0x00000000fc000000,0x00000000fc000000,0x00000000fd480000)
 ParOldGen       total 115200K, used 91538K [0x00000000a0000000, 0x00000000a7080000, 0x00000000e0000000)
  object space 115200K, 79% used [0x00000000a0000000,0x00000000a5964800,0x00000000a7080000)
 Metaspace       used 112761K, capacity 117838K, committed 120792K, reserved 1155072K
  class space    used 13989K, capacity 14935K, committed 15576K, reserved 1048576K
}
Event: 4253.562 GC heap before
{Heap before GC invocations=69 (full 5):
 PSYoungGen      total 393728K, used 383855K [0x00000000e0000000, 0x00000000fd480000, 0x0000000100000000)
  eden space 372736K, 100% used [0x00000000e0000000,0x00000000f6c00000,0x00000000f6c00000)
  from space 20992K, 52% used [0x00000000f6c00000,0x00000000f76dbc90,0x00000000f8080000)
  to   space 20992K, 0% used [0x00000000fc000000,0x00000000fc000000,0x00000000fd480000)
 ParOldGen       total 115200K, used 91538K [0x00000000a0000000, 0x00000000a7080000, 0x00000000e0000000)
  object space 115200K, 79% used [0x00000000a0000000,0x00000000a5964800,0x00000000a7080000)
 Metaspace       used 112776K, capacity 117838K, committed 120792K, reserved 1155072K
  class space    used 13989K, capacity 14935K, committed 15576K, reserved 1048576K
Event: 4253.583 GC heap after
Heap after GC invocations=69 (full 5):
 PSYoungGen      total 452608K, used 6408K [0x00000000e0000000, 0x00000000fd080000, 0x0000000100000000)
  eden space 435712K, 0% used [0x00000000e0000000,0x00000000e0000000,0x00000000fa980000)
  from space 16896K, 37% used [0x00000000fc000000,0x00000000fc642350,0x00000000fd080000)
  to   space 19968K, 0% used [0x00000000fa980000,0x00000000fa980000,0x00000000fbd00000)
 ParOldGen       total 115200K, used 100634K [0x00000000a0000000, 0x00000000a7080000, 0x00000000e0000000)
  object space 115200K, 87% used [0x00000000a0000000,0x00000000a6246b68,0x00000000a7080000)
 Metaspace       used 112776K, capacity 117838K, committed 120792K, reserved 1155072K
  class space    used 13989K, capacity 14935K, committed 15576K, reserved 1048576K
}
Event: 4255.497 GC heap before
{Heap before GC invocations=70 (full 5):
 PSYoungGen      total 452608K, used 442120K [0x00000000e0000000, 0x00000000fd080000, 0x0000000100000000)
  eden space 435712K, 100% used [0x00000000e0000000,0x00000000fa980000,0x00000000fa980000)
  from space 16896K, 37% used [0x00000000fc000000,0x00000000fc642350,0x00000000fd080000)
  to   space 19968K, 0% used [0x00000000fa980000,0x00000000fa980000,0x00000000fbd00000)
 ParOldGen       total 115200K, used 100634K [0x00000000a0000000, 0x00000000a7080000, 0x00000000e0000000)
  object space 115200K, 87% used [0x00000000a0000000,0x00000000a6246b68,0x00000000a7080000)
 Metaspace       used 112797K, capacity 117902K, committed 120792K, reserved 1155072K
  class space    used 13989K, capacity 14935K, committed 15576K, reserved 1048576K

